2025-08-15 07:05:11,989 [INFO] WebApp:194 - Connection lost
2025-08-15 07:05:28,396 [INFO] WebApp:191 - Connection restablished
2025-08-15 07:05:46,034 [INFO] WebApp:194 - Connection lost
2025-08-15 07:05:46,816 [INFO] WebApp:191 - Connection restablished
2025-08-15 07:05:49,865 [INFO] WebApp:194 - Connection lost
2025-08-15 07:05:50,330 [INFO] WebApp:191 - Connection restablished
2025-08-15 07:05:53,051 [INFO] WebApp:194 - Connection lost
2025-08-15 07:05:55,496 [INFO] WebApp:191 - Connection restablished
2025-08-15 07:08:13,317 [INFO] MainUpdater:2872 - connection check result : 10
2025-08-15 07:08:13,318 [INFO] MainUpdater:2872 - connection check result : 10
2025-08-15 07:08:13,409 [INFO] MicroXplorer:468 - Change Database Path : 
2025-08-15 07:08:13,411 [INFO] MicroXplorer:498 - Change Database Version : DB.6.0.150
2025-08-15 07:08:13,540 [ERROR] ProjectManagerView:395 - 
java.lang.NullPointerException: Cannot invoke "javax.swing.JTextField.getText()" because the return value of "java.util.List.get(int)" is null
	at com.st.microxplorer.plugins.projectmanager.gui.ProjectChoiceTab$9.caretUpdate(ProjectChoiceTab.java:2706) ~[filemanager.jar:?]
	at javax.swing.text.JTextComponent.fireCaretUpdate(JTextComponent.java:408) ~[?:?]
	at javax.swing.text.JTextComponent$MutableCaretEvent.fire(JTextComponent.java:4484) ~[?:?]
	at javax.swing.text.JTextComponent$MutableCaretEvent.stateChanged(JTextComponent.java:4506) ~[?:?]
	at javax.swing.text.DefaultCaret.fireStateChanged(DefaultCaret.java:857) ~[?:?]
	at javax.swing.text.DefaultCaret.changeCaretPosition(DefaultCaret.java:1343) ~[?:?]
	at javax.swing.text.DefaultCaret.handleSetDot(DefaultCaret.java:1242) ~[?:?]
	at javax.swing.text.DefaultCaret.setDot(DefaultCaret.java:1223) ~[?:?]
	at javax.swing.text.DefaultCaret$Handler.insertUpdate(DefaultCaret.java:1819) ~[?:?]
	at javax.swing.text.AbstractDocument.fireInsertUpdate(AbstractDocument.java:227) ~[?:?]
	at javax.swing.text.AbstractDocument.handleInsertString(AbstractDocument.java:781) ~[?:?]
	at javax.swing.text.AbstractDocument.insertString(AbstractDocument.java:740) ~[?:?]
	at javax.swing.text.PlainDocument.insertString(PlainDocument.java:131) ~[?:?]
	at javax.swing.text.AbstractDocument.replace(AbstractDocument.java:699) ~[?:?]
	at javax.swing.text.JTextComponent.setText(JTextComponent.java:1725) ~[?:?]
	at com.st.microxplorer.plugins.projectmanager.gui.ProjectChoiceTab.createHeapStackFields(ProjectChoiceTab.java:993) ~[filemanager.jar:?]
	at com.st.microxplorer.plugins.projectmanager.gui.ProjectChoiceTab.buildLinkSettingsPanel(ProjectChoiceTab.java:3813) ~[filemanager.jar:?]
	at com.st.microxplorer.plugins.projectmanager.gui.ProjectChoiceTab.defineWindowsFields(ProjectChoiceTab.java:1987) ~[filemanager.jar:?]
	at com.st.microxplorer.plugins.projectmanager.gui.ProjectChoiceTab.updateSettings(ProjectChoiceTab.java:558) ~[filemanager.jar:?]
	at com.st.microxplorer.plugins.projectmanager.gui.ProjectSettingsPanel.UpdateDialog(ProjectSettingsPanel.java:247) ~[filemanager.jar:?]
	at com.st.microxplorer.plugins.projectmanager.ProjectManagerView.propertyChange(ProjectManagerView.java:392) ~[filemanager.jar:?]
	at java.beans.PropertyChangeSupport.fire(PropertyChangeSupport.java:343) ~[?:?]
	at java.beans.PropertyChangeSupport.firePropertyChange(PropertyChangeSupport.java:335) ~[?:?]
	at java.beans.PropertyChangeSupport.firePropertyChange(PropertyChangeSupport.java:268) ~[?:?]
	at com.st.microxplorer.util.MXPropertyChangeSupport.firePropertyChange(MXPropertyChangeSupport.java:54) ~[STM32CubeMX.jar:?]
	at com.st.microxplorer.mxsystem.MxSystem.closeConfig(MxSystem.java:899) ~[STM32CubeMX.jar:?]
	at com.st.microxplorer.maingui.MainPanel.closeConfig(MainPanel.java:792) ~[STM32CubeMX.jar:?]
	at com.st.microxplorer.plugins.filemanager.engine.OpenFileManager.loadConfigurationFile(OpenFileManager.java:288) ~[filemanager.jar:?]
	at com.st.microxplorer.plugins.filemanager.engine.MainFileManager.userLoadConfig(MainFileManager.java:364) ~[filemanager.jar:?]
	at com.st.microxplorer.plugins.filemanager.engine.MainFileManager.userLoadConfig(MainFileManager.java:342) ~[filemanager.jar:?]
	at com.st.microxplorer.plugins.filemanager.FileManagerView.getSpecificTask(FileManagerView.java:264) ~[filemanager.jar:?]
	at com.st.stm32cube.common.mx.editor.CubeMxEditor.getMxTabbedPaneInstance(CubeMxEditor.java:1198) ~[com.st.stm32cube.common.mx_6.15.0.202507011659/:?]
	at com.st.stm32cube.common.mx.editor.CubeMxEditor$12$1.createSwingComponent(CubeMxEditor.java:1068) ~[com.st.stm32cube.common.mx_6.15.0.202507011659/:?]
	at com.st.stm32cube.common.mx.oss.core.awtswtbridge.EmbeddedSwingComposite.doComponentCreation(EmbeddedSwingComposite.java:492) ~[com.st.stm32cube.common.mx.oss_6.15.0.202507011659/:?]
	at com.st.stm32cube.common.mx.oss.core.awtswtbridge.EmbeddedSwingComposite$4.run(EmbeddedSwingComposite.java:291) ~[com.st.stm32cube.common.mx.oss_6.15.0.202507011659/:?]
	at com.st.stm32cube.common.mx.oss.core.awtswtbridge.AwtEnvironment$2.run(AwtEnvironment.java:166) ~[com.st.stm32cube.common.mx.oss_6.15.0.202507011659/:?]
	at java.awt.event.InvocationEvent.dispatch(InvocationEvent.java:318) ~[?:?]
	at java.awt.EventQueue.dispatchEventImpl(EventQueue.java:773) ~[?:?]
	at java.awt.EventQueue$4.run(EventQueue.java:720) ~[?:?]
	at java.awt.EventQueue$4.run(EventQueue.java:714) ~[?:?]
	at java.security.AccessController.doPrivileged(AccessController.java:400) ~[?:?]
	at java.security.ProtectionDomain$JavaSecurityAccessImpl.doIntersectionPrivilege(ProtectionDomain.java:87) ~[?:?]
	at java.awt.EventQueue.dispatchEvent(EventQueue.java:742) ~[?:?]
	at java.awt.EventDispatchThread.pumpOneEventForFilters(EventDispatchThread.java:203) ~[?:?]
	at java.awt.EventDispatchThread.pumpEventsForFilter(EventDispatchThread.java:124) ~[?:?]
	at java.awt.EventDispatchThread.pumpEventsForHierarchy(EventDispatchThread.java:113) ~[?:?]
	at java.awt.EventDispatchThread.pumpEvents(EventDispatchThread.java:109) ~[?:?]
	at java.awt.EventDispatchThread.pumpEvents(EventDispatchThread.java:101) ~[?:?]
	at java.awt.EventDispatchThread.run(EventDispatchThread.java:90) ~[?:?]
2025-08-15 07:08:13,590 [WARN] ThirdParty:871 - waiting for thirdparty lock release [close project]
2025-08-15 07:08:13,591 [INFO] ThirdParty:873 - entering critical section [close project]
2025-08-15 07:08:13,591 [INFO] ThirdParty:883 - exiting critical section [close project]
2025-08-15 07:08:13,601 [INFO] PinOutPanel:1589 - setPackage(No Configuration,No Configuration)
2025-08-15 07:08:13,695 [WARN] IpParametersView:155 - Warning: This peripheral hasn't parameters
2025-08-15 07:08:13,781 [WARN] MainPanel:289 - <html><b><center>Warning: This peripheral has no parameters to be configured<br></b></html>
2025-08-15 07:08:13,805 [WARN] IpParametersView:155 - Warning: This peripheral hasn't parameters
2025-08-15 07:08:13,840 [WARN] MainPanel:289 - <html><b><center>Warning: This peripheral has no parameters to be configured<br></b></html>
2025-08-15 07:08:13,874 [INFO] UtilMem:75 - Begin LoadConfig() Used Memory: 652016016 Bytes (1073741824)
2025-08-15 07:08:13,874 [INFO] MicroXplorer:468 - Change Database Path : 
2025-08-15 07:08:13,874 [INFO] MicroXplorer:498 - Change Database Version : DB.6.0.150
2025-08-15 07:08:13,874 [INFO] OpenFileManager:355 - Change cursor
2025-08-15 07:08:13,973 [INFO] Mcu:2029 - Initializing MCU STM32H755ZITx STM32H755ZITx STM32H755ZIT6
2025-08-15 07:08:26,947 [INFO] Context:786 - Trying to add GPIOservice into a context  which must be forbidden
2025-08-15 07:08:26,948 [INFO] Context:786 - Trying to add GPIOservice into a context  which must be forbidden
2025-08-15 07:08:32,481 [INFO] Context:786 - Trying to add GPIOservice into a context  which must be forbidden
2025-08-15 07:08:32,593 [INFO] Context:786 - Trying to add GPIOservice into a context  which must be forbidden
2025-08-15 07:08:32,645 [INFO] ImportTextPane:234 - (OptionalMessage_ERROR) Pin10 (VP_RIF_VS_RIF1) cannot be retrieved for this MCU
2025-08-15 07:08:33,218 [INFO] RtosManager:558 - Registered RTOS mode: class=CMSIS, group=RTOS, mode=CMSIS_V1, owner=FREERTOS_M7
2025-08-15 07:08:33,218 [INFO] RtosManager:558 - Registered RTOS mode: class=CMSIS, group=RTOS2, mode=CMSIS_V2, owner=FREERTOS_M7
2025-08-15 07:08:33,218 [INFO] RtosManager:558 - Registered RTOS mode: class=RTOS, group=Core, mode=CMSIS_V1, owner=FREERTOS_M7
2025-08-15 07:08:33,220 [INFO] RtosManager:558 - Registered RTOS mode: class=RTOS, group=Core, mode=CMSIS_V2, owner=FREERTOS_M7
2025-08-15 07:08:33,220 [WARN] ModelIntegratedComponent:184 - Missing modes for component STMicroelectronics:FreeRTOS:0.0.1:STMicroelectronics:RTOS:FreeRTOS:Core:::10.2.0:
2025-08-15 07:08:33,250 [WARN] ModelIntegratedComponent:63 - No mode defined for component null
2025-08-15 07:08:33,251 [WARN] ModelIntegratedComponent:63 - No mode defined for component null
2025-08-15 07:08:33,251 [WARN] ModelIntegratedComponent:63 - No mode defined for component null
2025-08-15 07:08:33,251 [WARN] ModelIntegratedComponent:63 - No mode defined for component null
2025-08-15 07:08:33,251 [WARN] ModelIntegratedComponent:63 - No mode defined for component null
2025-08-15 07:08:33,252 [WARN] ModelIntegratedComponent:63 - No mode defined for component null
2025-08-15 07:08:33,252 [WARN] ModelIntegratedComponent:63 - No mode defined for component null
2025-08-15 07:08:33,252 [WARN] ModelIntegratedComponent:63 - No mode defined for component null
2025-08-15 07:08:33,252 [WARN] ModelIntegratedComponent:63 - No mode defined for component null
2025-08-15 07:08:33,252 [WARN] ModelIntegratedComponent:63 - No mode defined for component null
2025-08-15 07:08:33,252 [WARN] ModelIntegratedComponent:63 - No mode defined for component null
2025-08-15 07:08:33,252 [WARN] ModelIntegratedComponent:63 - No mode defined for component null
2025-08-15 07:08:33,252 [WARN] ModelIntegratedComponent:63 - No mode defined for component null
2025-08-15 07:08:33,252 [WARN] ModelIntegratedComponent:63 - No mode defined for component null
2025-08-15 07:08:33,253 [WARN] ModelIntegratedComponent:63 - No mode defined for component null
2025-08-15 07:08:33,253 [WARN] ModelIntegratedComponent:63 - No mode defined for component null
2025-08-15 07:08:33,253 [WARN] ModelIntegratedComponent:63 - No mode defined for component null
2025-08-15 07:08:33,253 [WARN] ModelIntegratedComponent:63 - No mode defined for component null
2025-08-15 07:08:33,253 [WARN] ModelIntegratedComponent:63 - No mode defined for component null
2025-08-15 07:08:33,253 [WARN] ModelIntegratedComponent:63 - No mode defined for component null
2025-08-15 07:08:33,253 [WARN] ModelIntegratedComponent:63 - No mode defined for component null
2025-08-15 07:08:33,253 [WARN] ModelIntegratedComponent:63 - No mode defined for component null
2025-08-15 07:08:33,254 [WARN] ModelIntegratedComponent:63 - No mode defined for component null
2025-08-15 07:08:33,254 [WARN] ModelIntegratedComponent:63 - No mode defined for component null
2025-08-15 07:08:33,254 [WARN] ModelIntegratedComponent:63 - No mode defined for component null
2025-08-15 07:08:33,254 [WARN] ModelIntegratedComponent:63 - No mode defined for component null
2025-08-15 07:08:33,254 [WARN] ModelIntegratedComponent:63 - No mode defined for component null
2025-08-15 07:08:33,254 [WARN] ModelIntegratedComponent:63 - No mode defined for component null
2025-08-15 07:08:33,254 [WARN] ModelIntegratedComponent:63 - No mode defined for component null
2025-08-15 07:08:33,255 [WARN] ModelIntegratedComponent:63 - No mode defined for component null
2025-08-15 07:08:33,255 [WARN] ModelIntegratedComponent:63 - No mode defined for component null
2025-08-15 07:08:33,255 [WARN] ModelIntegratedComponent:63 - No mode defined for component null
2025-08-15 07:08:33,255 [WARN] ModelIntegratedComponent:63 - No mode defined for component null
2025-08-15 07:08:33,255 [WARN] ModelIntegratedComponent:63 - No mode defined for component null
2025-08-15 07:08:33,255 [WARN] ModelIntegratedComponent:63 - No mode defined for component null
2025-08-15 07:08:33,256 [WARN] ModelPack:524 - Component already loaded: STMicroelectronics:HAL Drivers:0.0.0:STMicroelectronics:Device:STMicro_Driver:XSPI:HAL::0.0.1:HAL_XSPI
2025-08-15 07:08:33,827 [INFO] RtosManager:558 - Registered RTOS mode: class=CMSIS, group=RTOS, mode=CMSIS_V1, owner=FREERTOS_M4
2025-08-15 07:08:33,827 [INFO] RtosManager:558 - Registered RTOS mode: class=CMSIS, group=RTOS2, mode=CMSIS_V2, owner=FREERTOS_M4
2025-08-15 07:08:33,827 [INFO] RtosManager:558 - Registered RTOS mode: class=RTOS, group=Core, mode=CMSIS_V1, owner=FREERTOS_M4
2025-08-15 07:08:33,827 [INFO] RtosManager:558 - Registered RTOS mode: class=RTOS, group=Core, mode=CMSIS_V2, owner=FREERTOS_M4
2025-08-15 07:08:33,827 [WARN] ModelIntegratedComponent:184 - Missing modes for component STMicroelectronics:FreeRTOS:0.0.1:STMicroelectronics:RTOS:FreeRTOS:Core:::10.2.0:
2025-08-15 07:08:33,846 [WARN] ModelIntegratedComponent:63 - No mode defined for component null
2025-08-15 07:08:33,846 [WARN] ModelIntegratedComponent:63 - No mode defined for component null
2025-08-15 07:08:33,846 [WARN] ModelIntegratedComponent:63 - No mode defined for component null
2025-08-15 07:08:33,846 [WARN] ModelIntegratedComponent:63 - No mode defined for component null
2025-08-15 07:08:33,846 [WARN] ModelIntegratedComponent:63 - No mode defined for component null
2025-08-15 07:08:33,846 [WARN] ModelIntegratedComponent:63 - No mode defined for component null
2025-08-15 07:08:33,846 [WARN] ModelIntegratedComponent:63 - No mode defined for component null
2025-08-15 07:08:33,846 [WARN] ModelIntegratedComponent:63 - No mode defined for component null
2025-08-15 07:08:33,847 [WARN] ModelIntegratedComponent:63 - No mode defined for component null
2025-08-15 07:08:33,847 [WARN] ModelIntegratedComponent:63 - No mode defined for component null
2025-08-15 07:08:33,847 [WARN] ModelIntegratedComponent:63 - No mode defined for component null
2025-08-15 07:08:33,847 [WARN] ModelIntegratedComponent:63 - No mode defined for component null
2025-08-15 07:08:33,847 [WARN] ModelIntegratedComponent:63 - No mode defined for component null
2025-08-15 07:08:33,847 [WARN] ModelIntegratedComponent:63 - No mode defined for component null
2025-08-15 07:08:33,847 [WARN] ModelIntegratedComponent:63 - No mode defined for component null
2025-08-15 07:08:33,847 [WARN] ModelIntegratedComponent:63 - No mode defined for component null
2025-08-15 07:08:33,847 [WARN] ModelIntegratedComponent:63 - No mode defined for component null
2025-08-15 07:08:33,847 [WARN] ModelIntegratedComponent:63 - No mode defined for component null
2025-08-15 07:08:33,847 [WARN] ModelIntegratedComponent:63 - No mode defined for component null
2025-08-15 07:08:33,847 [WARN] ModelIntegratedComponent:63 - No mode defined for component null
2025-08-15 07:08:33,847 [WARN] ModelIntegratedComponent:63 - No mode defined for component null
2025-08-15 07:08:33,847 [WARN] ModelIntegratedComponent:63 - No mode defined for component null
2025-08-15 07:08:33,848 [WARN] ModelIntegratedComponent:63 - No mode defined for component null
2025-08-15 07:08:33,848 [WARN] ModelIntegratedComponent:63 - No mode defined for component null
2025-08-15 07:08:33,848 [WARN] ModelIntegratedComponent:63 - No mode defined for component null
2025-08-15 07:08:33,848 [WARN] ModelIntegratedComponent:63 - No mode defined for component null
2025-08-15 07:08:33,848 [WARN] ModelIntegratedComponent:63 - No mode defined for component null
2025-08-15 07:08:33,848 [WARN] ModelIntegratedComponent:63 - No mode defined for component null
2025-08-15 07:08:33,848 [WARN] ModelIntegratedComponent:63 - No mode defined for component null
2025-08-15 07:08:33,848 [WARN] ModelIntegratedComponent:63 - No mode defined for component null
2025-08-15 07:08:33,848 [WARN] ModelIntegratedComponent:63 - No mode defined for component null
2025-08-15 07:08:33,848 [WARN] ModelIntegratedComponent:63 - No mode defined for component null
2025-08-15 07:08:33,849 [WARN] ModelIntegratedComponent:63 - No mode defined for component null
2025-08-15 07:08:33,849 [WARN] ModelIntegratedComponent:63 - No mode defined for component null
2025-08-15 07:08:33,849 [WARN] ModelIntegratedComponent:63 - No mode defined for component null
2025-08-15 07:08:33,849 [WARN] ModelPack:524 - Component already loaded: STMicroelectronics:HAL Drivers:0.0.0:STMicroelectronics:Device:STMicro_Driver:XSPI:HAL::0.0.1:HAL_XSPI
2025-08-15 07:08:34,297 [INFO] ThirdPartyModel:298 - Start build external matchings
2025-08-15 07:08:37,780 [INFO] ThirdPartyModel:316 - End build external matchings
2025-08-15 07:08:37,847 [INFO] ThirdPartyModel:298 - Start build external matchings
2025-08-15 07:08:43,315 [INFO] ThirdPartyModel:316 - End build external matchings
2025-08-15 07:08:43,431 [INFO] ImportTextPane:234 - (OptionalMessage_ERROR) IP (RCC) : Parameter (DFSDMACLkFreq_Value) has invalid value (480000000)
2025-08-15 07:08:43,478 [INFO] ImportTextPane:234 - (OptionalMessage_ERROR) IP (RCC) : Parameter (FDCANFreq_Value) has invalid value (480000000)
2025-08-15 07:08:43,479 [INFO] ImportTextPane:234 - (OptionalMessage_ERROR) IP (RCC) : Invalid parameter (FamilyName)
2025-08-15 07:08:43,481 [INFO] ImportTextPane:234 - (OptionalMessage_ERROR) IP (RCC) : Parameter (SAI1Freq_Value) has invalid value (480000000)
2025-08-15 07:08:43,482 [INFO] ImportTextPane:234 - (OptionalMessage_ERROR) IP (RCC) : Parameter (SAI23Freq_Value) has invalid value (480000000)
2025-08-15 07:08:43,482 [INFO] ImportTextPane:234 - (OptionalMessage_ERROR) IP (RCC) : Parameter (SAI4AFreq_Value) has invalid value (480000000)
2025-08-15 07:08:43,483 [INFO] ImportTextPane:234 - (OptionalMessage_ERROR) IP (RCC) : Parameter (SAI4BFreq_Value) has invalid value (480000000)
2025-08-15 07:08:43,483 [INFO] ImportTextPane:234 - (OptionalMessage_ERROR) IP (RCC) : Parameter (SDMMCFreq_Value) has invalid value (480000000)
2025-08-15 07:08:43,483 [INFO] ImportTextPane:234 - (OptionalMessage_ERROR) IP (RCC) : Parameter (SPDIFRXFreq_Value) has invalid value (480000000)
2025-08-15 07:08:43,484 [INFO] ImportTextPane:234 - (OptionalMessage_ERROR) IP (RCC) : Parameter (SPI123Freq_Value) has invalid value (480000000)
2025-08-15 07:08:43,485 [INFO] ImportTextPane:234 - (OptionalMessage_ERROR) IP (RCC) : Parameter (USBFreq_Value) has invalid value (480000000)
2025-08-15 07:08:44,074 [INFO] UtilMem:75 - End LoadConfig() Used Memory: 512273808 Bytes (1073741824)
2025-08-15 07:08:44,288 [WARN] ThirdParty:833 - waiting for thirdparty lock release [change project]
2025-08-15 07:08:44,289 [INFO] ThirdParty:835 - entering critical section [change project]
2025-08-15 07:08:44,289 [INFO] ThirdParty:1030 - CMSIS Pack Vendor :STMicroelectronics X-CUBE-PM33A1 1.0.0
2025-08-15 07:08:44,289 [INFO] ThirdParty:1030 - CMSIS Pack Vendor :STMicroelectronics USBPD 4.1
2025-08-15 07:08:44,289 [INFO] ThirdParty:1030 - CMSIS Pack Vendor :STMicroelectronics X-CUBE-AZRTOS-H7 3.3.0
2025-08-15 07:08:44,289 [INFO] ThirdParty:1030 - CMSIS Pack Vendor :STMicroelectronics X-CUBE-NFC9 1.0.0
2025-08-15 07:08:44,289 [INFO] ThirdParty:1030 - CMSIS Pack Vendor :STMicroelectronics USB_HOST 2.0.0
2025-08-15 07:08:44,289 [INFO] ThirdParty:1030 - CMSIS Pack Vendor :STMicroelectronics FP-SNS-MOTENVWB1 1.4.0
2025-08-15 07:08:44,289 [INFO] ThirdParty:1030 - CMSIS Pack Vendor :STMicroelectronics X-CUBE-AZRTOS-F4 1.1.0
2025-08-15 07:08:44,291 [INFO] ThirdParty:1030 - CMSIS Pack Vendor :STMicroelectronics LIBJPEG 8.0.0
2025-08-15 07:08:44,291 [INFO] ThirdParty:1030 - CMSIS Pack Vendor :STMicroelectronics FP-ATR-ASTRA1 2.0.2
2025-08-15 07:08:44,291 [INFO] ThirdParty:1030 - CMSIS Pack Vendor :STMicroelectronics X-CUBE-BLE1 7.1.0
2025-08-15 07:08:44,291 [INFO] ThirdParty:1030 - CMSIS Pack Vendor :Avnet-IotConnect X-CUBE-IoTC-DA16k-PMOD 1.0.0
2025-08-15 07:08:44,291 [INFO] ThirdParty:1030 - CMSIS Pack Vendor :STMicroelectronics X-CUBE-SMBUS 2.1.0
2025-08-15 07:08:44,291 [INFO] ThirdParty:1030 - CMSIS Pack Vendor :STMicroelectronics X-CUBE-WB05N 1.1.0
2025-08-15 07:08:44,291 [INFO] ThirdParty:1030 - CMSIS Pack Vendor :wolfSSL I-CUBE-wolfMQTT 1.19.2
2025-08-15 07:08:44,291 [INFO] ThirdParty:1030 - CMSIS Pack Vendor :STMicroelectronics USB_DEVICE 3.0.0
2025-08-15 07:08:44,292 [INFO] ThirdParty:1030 - CMSIS Pack Vendor :STMicroelectronics X-CUBE-ISPU 2.1.0
2025-08-15 07:08:44,292 [INFO] ThirdParty:1030 - CMSIS Pack Vendor :STMicroelectronics X-CUBE-EEPRMA1 5.2.0
2025-08-15 07:08:44,292 [INFO] ThirdParty:1030 - CMSIS Pack Vendor :STMicroelectronics X-CUBE-BLEMGR 4.1.0
2025-08-15 07:08:44,292 [INFO] ThirdParty:1030 - CMSIS Pack Vendor :STMicroelectronics X-CUBE-AZRTOS-WB 2.0.0
2025-08-15 07:08:44,292 [INFO] ThirdParty:1030 - CMSIS Pack Vendor :STMicroelectronics X-CUBE-ST60 1.0.0
2025-08-15 07:08:44,292 [INFO] ThirdParty:1030 - CMSIS Pack Vendor :STMicroelectronics X-CUBE-GNSS1 7.0.1
2025-08-15 07:08:44,292 [INFO] ThirdParty:1030 - CMSIS Pack Vendor :STMicroelectronics X-CUBE-NFC12 1.0.0
2025-08-15 07:08:44,292 [INFO] ThirdParty:1030 - CMSIS Pack Vendor :STMicroelectronics X-CUBE-AZRTOS-F7 1.1.0
2025-08-15 07:08:44,293 [INFO] ThirdParty:1030 - CMSIS Pack Vendor :STMicroelectronics X-CUBE-AZRTOS-L5 2.0.0
2025-08-15 07:08:44,293 [INFO] ThirdParty:1030 - CMSIS Pack Vendor :STMicroelectronics X-CUBE-TOUCHGFX 4.25.0
2025-08-15 07:08:44,293 [INFO] ThirdParty:1030 - CMSIS Pack Vendor :STMicroelectronics USB_DEVICE 2.0.0
2025-08-15 07:08:44,293 [INFO] ThirdParty:1030 - CMSIS Pack Vendor :STMicroelectronics X-CUBE-NFC6 3.1.0
2025-08-15 07:08:44,293 [INFO] ThirdParty:1030 - CMSIS Pack Vendor :STMicroelectronics X-CUBE-AI 10.1.0
2025-08-15 07:08:44,293 [INFO] ThirdParty:1030 - CMSIS Pack Vendor :STMicroelectronics FP-SNS-STBOX1 2.0.0
2025-08-15 07:08:44,293 [INFO] ThirdParty:1030 - CMSIS Pack Vendor :STMicroelectronics X-CUBE-MEMS1 11.2.0
2025-08-15 07:08:44,293 [INFO] ThirdParty:1030 - CMSIS Pack Vendor :STMicroelectronics FreeRTOS 0.0.1
2025-08-15 07:08:44,293 [INFO] ThirdParty:1030 - CMSIS Pack Vendor :STMicroelectronics X-CUBE-AZRTOS-G0 1.1.0
2025-08-15 07:08:44,293 [INFO] ThirdParty:1030 - CMSIS Pack Vendor :STMicroelectronics X-CUBE-SAFEA1 1.2.2
2025-08-15 07:08:44,294 [INFO] ThirdParty:1030 - CMSIS Pack Vendor :STMicroelectronics X-CUBE-NFC4 3.0.0
2025-08-15 07:08:44,294 [INFO] ThirdParty:1030 - CMSIS Pack Vendor :STMicroelectronics X-CUBE-SUBG2 5.0.0
2025-08-15 07:08:44,294 [INFO] ThirdParty:1030 - CMSIS Pack Vendor :STMicroelectronics X-CUBE-AZRTOS-H7RS 1.1.0
2025-08-15 07:08:44,294 [INFO] ThirdParty:1030 - CMSIS Pack Vendor :STMicroelectronics STM32_WPAN 1.0.0
2025-08-15 07:08:44,294 [INFO] ThirdParty:1030 - CMSIS Pack Vendor :EmbeddedOffice I-CUBE-FS-RTOS 1.0.1
2025-08-15 07:08:44,294 [INFO] ThirdParty:1030 - CMSIS Pack Vendor :STMicroelectronics lwIP 2.0.3
2025-08-15 07:08:44,294 [INFO] ThirdParty:1030 - CMSIS Pack Vendor :Cesanta I-CUBE-Mongoose 7.13.0
2025-08-15 07:08:44,295 [INFO] ThirdParty:1030 - CMSIS Pack Vendor :STMicroelectronics USB_HOST 1.0.0
2025-08-15 07:08:44,295 [INFO] ThirdParty:1030 - CMSIS Pack Vendor :Infineon AIROC-Wi-Fi-Bluetooth-STM32 1.7.0
2025-08-15 07:08:44,295 [INFO] ThirdParty:1030 - CMSIS Pack Vendor :STMicroelectronics X-CUBE-AZRTOS-G4 2.0.0
2025-08-15 07:08:44,295 [INFO] ThirdParty:1030 - CMSIS Pack Vendor :STMicroelectronics X-CUBE-WB05N 2.0.0
2025-08-15 07:08:44,295 [INFO] ThirdParty:1030 - CMSIS Pack Vendor :STMicroelectronics PDM2PCM 3.1.0
2025-08-15 07:08:44,296 [INFO] ThirdParty:1030 - CMSIS Pack Vendor :STMicroelectronics PDM2PCM 3.3.0
2025-08-15 07:08:44,296 [INFO] ThirdParty:1030 - CMSIS Pack Vendor :wolfSSL I-CUBE-wolfTPM 3.8.0
2025-08-15 07:08:44,296 [INFO] ThirdParty:1030 - CMSIS Pack Vendor :STMicroelectronics X-CUBE-AZRTOS-H7 3.4.0
2025-08-15 07:08:44,296 [INFO] ThirdParty:1030 - CMSIS Pack Vendor :STMicroelectronics X-CUBE-DISPLAY 3.0.0
2025-08-15 07:08:44,296 [INFO] ThirdParty:1030 - CMSIS Pack Vendor :wolfSSL I-CUBE-wolfSSH 1.4.20
2025-08-15 07:08:44,296 [INFO] ThirdParty:1030 - CMSIS Pack Vendor :STMicroelectronics X-CUBE-NFC7 2.0.0
2025-08-15 07:08:44,296 [INFO] ThirdParty:1030 - CMSIS Pack Vendor :STMicroelectronics X-CUBE-TCPP 4.2.0
2025-08-15 07:08:44,296 [INFO] ThirdParty:1030 - CMSIS Pack Vendor :RealThread X-CUBE-RT-Thread_Nano 4.1.1
2025-08-15 07:08:44,297 [INFO] ThirdParty:1030 - CMSIS Pack Vendor :STMicroelectronics FP-ATR-SIGFOX1 3.2.0
2025-08-15 07:08:44,297 [INFO] ThirdParty:1030 - CMSIS Pack Vendor :STMicroelectronics X-CUBE-NFC10 1.0.0
2025-08-15 07:08:44,297 [INFO] ThirdParty:1030 - CMSIS Pack Vendor :STMicroelectronics X-CUBE-BLEMGR 4.0.0
2025-08-15 07:08:44,297 [INFO] ThirdParty:1030 - CMSIS Pack Vendor :STMicroelectronics X-CUBE-EEPRMA1 5.1.0
2025-08-15 07:08:44,298 [INFO] ThirdParty:1030 - CMSIS Pack Vendor :STMicroelectronics X-CUBE-FREERTOS 1.3.1
2025-08-15 07:08:44,298 [INFO] ThirdParty:1030 - CMSIS Pack Vendor :STMicroelectronics HAL Drivers 0.0.0
2025-08-15 07:08:44,298 [INFO] ThirdParty:1030 - CMSIS Pack Vendor :STMicroelectronics MBEDTLS 2.16.2
2025-08-15 07:08:44,298 [INFO] ThirdParty:1030 - CMSIS Pack Vendor :STMicroelectronics X-CUBE-IPS 3.1.0
2025-08-15 07:08:44,298 [INFO] ThirdParty:1030 - CMSIS Pack Vendor :STMicroelectronics X-CUBE-ALS 1.0.2
2025-08-15 07:08:44,298 [INFO] ThirdParty:1030 - CMSIS Pack Vendor :emotas I-CUBE-CANOPEN 1.3.0
2025-08-15 07:08:44,298 [INFO] ThirdParty:1030 - CMSIS Pack Vendor :STMicroelectronics X-CUBE-FREERTOS 1.3.0
2025-08-15 07:08:44,299 [INFO] ThirdParty:1030 - CMSIS Pack Vendor :STMicroelectronics X-CUBE-NFC7 1.0.1
2025-08-15 07:08:44,299 [INFO] ThirdParty:1030 - CMSIS Pack Vendor :STMicroelectronics MBEDTLS 2.14.1
2025-08-15 07:08:44,299 [INFO] ThirdParty:1030 - CMSIS Pack Vendor :wolfSSL I-CUBE-wolfSSL 5.7.6
2025-08-15 07:08:44,299 [INFO] ThirdParty:1030 - CMSIS Pack Vendor :ITTIA_DB I-CUBE-ITTIADB 8.9.0
2025-08-15 07:08:44,299 [INFO] ThirdParty:1030 - CMSIS Pack Vendor :portGmbH I-Cube-SoM-uGOAL 1.1.0
2025-08-15 07:08:44,299 [INFO] ThirdParty:1030 - CMSIS Pack Vendor :quantropi X-CUBE-qispace-sdk-base 2.0.0
2025-08-15 07:08:44,299 [INFO] ThirdParty:1030 - CMSIS Pack Vendor :STMicroelectronics X-CUBE-AI 10.0.0
2025-08-15 07:08:44,299 [INFO] ThirdParty:1030 - CMSIS Pack Vendor :STMicroelectronics X-CUBE-ST67W61 1.0.0
2025-08-15 07:08:44,299 [INFO] ThirdParty:1030 - CMSIS Pack Vendor :STMicroelectronics FP-SNS-STBOX1 2.1.0
2025-08-15 07:08:44,300 [INFO] ThirdParty:1030 - CMSIS Pack Vendor :STMicroelectronics X-CUBE-AI 10.2.0
2025-08-15 07:08:44,300 [INFO] ThirdParty:1030 - CMSIS Pack Vendor :STMicroelectronics FP-SNS-STAIOTCFT 1.0.0
2025-08-15 07:08:44,300 [INFO] ThirdParty:1030 - CMSIS Pack Vendor :STMicroelectronics ThreadX 1.0.0
2025-08-15 07:08:44,300 [INFO] ThirdParty:1030 - CMSIS Pack Vendor :STMicroelectronics FP-SNS-SMARTAG2 1.2.0
2025-08-15 07:08:44,300 [INFO] ThirdParty:1030 - CMSIS Pack Vendor :STMicroelectronics FP-SNS-FLIGHT1 5.1.0
2025-08-15 07:08:44,300 [INFO] ThirdParty:1030 - CMSIS Pack Vendor :STMicroelectronics X-CUBE-MEMS1 11.1.0
2025-08-15 07:08:44,300 [INFO] ThirdParty:1030 - CMSIS Pack Vendor :STMicroelectronics X-CUBE-AZRTOS-WL 2.0.0
2025-08-15 07:08:44,300 [INFO] ThirdParty:1030 - CMSIS Pack Vendor :SEGGER I-CUBE-embOS 1.3.1
2025-08-15 07:08:44,300 [INFO] ThirdParty:1030 - CMSIS Pack Vendor :STMicroelectronics X-CUBE-ALGOBUILD 1.4.0
2025-08-15 07:08:44,301 [INFO] ThirdParty:1030 - CMSIS Pack Vendor :STMicroelectronics X-CUBE-DPower 1.3.0
2025-08-15 07:08:44,301 [INFO] ThirdParty:1030 - CMSIS Pack Vendor :STMicroelectronics X-CUBE-MEMS1 11.3.0
2025-08-15 07:08:44,301 [INFO] ThirdParty:1030 - CMSIS Pack Vendor :STMicroelectronics FP-SNS-MOTENV1 5.0.0
2025-08-15 07:08:44,301 [INFO] ThirdParty:1030 - CMSIS Pack Vendor :STMicroelectronics USB_DEVICE 1.0.0
2025-08-15 07:08:44,301 [INFO] ThirdParty:1030 - CMSIS Pack Vendor :STMicroelectronics X-CUBE-AZRTOS-L4 2.0.0
2025-08-15 07:08:44,301 [INFO] ThirdParty:1030 - CMSIS Pack Vendor :STMicroelectronics ThreadX 0.0.2
2025-08-15 07:08:44,302 [INFO] ThirdParty:1030 - CMSIS Pack Vendor :WES I-CUBE-Cesium 1.3.0
2025-08-15 07:08:44,303 [INFO] ThirdParty:1030 - CMSIS Pack Vendor :STMicroelectronics lwIP 2.1.2
2025-08-15 07:08:44,303 [INFO] ThirdParty:1030 - CMSIS Pack Vendor :STMicroelectronics X-CUBE-SFXS2LP1 4.0.0
2025-08-15 07:08:44,304 [INFO] ThirdParty:1030 - CMSIS Pack Vendor :STMicroelectronics X-CUBE-BLE2 3.3.0
2025-08-15 07:08:44,304 [INFO] ThirdParty:1030 - CMSIS Pack Vendor :STMicroelectronics X-CUBE-TOF1 3.4.2
2025-08-15 07:08:44,304 [INFO] ThirdParty:1030 - CMSIS Pack Vendor :STMicroelectronics X-CUBE-TOF1 3.4.3
2025-08-15 07:08:44,304 [INFO] ThirdParty:1030 - CMSIS Pack Vendor :STMicroelectronics PDM2PCM 3.2.0
2025-08-15 07:08:44,305 [INFO] ThirdParty:841 - exiting critical section [change project]
2025-08-15 07:08:45,982 [INFO] PinOutPanel:1589 - setPackage(No Configuration,No Configuration)
2025-08-15 07:08:45,991 [INFO] PinOutPanel:1589 - setPackage(STM32H755ZITx,LQFP144)
2025-08-15 07:08:47,772 [INFO] UtilMem:75 - Before build in PCC Used Memory: 581587816 Bytes (1073741824)
2025-08-15 07:08:49,045 [INFO] UtilMem:75 - After build in PCC Used Memory: 707416936 Bytes (1073741824)
2025-08-15 07:08:49,118 [INFO] IPUIPlugin:80 - create IPUIPlugin
2025-08-15 07:08:49,118 [INFO] IPUIPlugin:80 - create IPUIPlugin
2025-08-15 07:08:49,118 [INFO] IPUIPlugin:80 - create IPUIPlugin
2025-08-15 07:08:49,118 [INFO] IPUIPlugin:80 - create IPUIPlugin
2025-08-15 07:08:49,120 [INFO] IPUIPlugin:80 - create IPUIPlugin
2025-08-15 07:08:49,121 [INFO] IPUIPlugin:80 - create IPUIPlugin
2025-08-15 07:08:49,122 [INFO] IPUIPlugin:80 - create IPUIPlugin
2025-08-15 07:08:49,122 [INFO] IPUIPlugin:80 - create IPUIPlugin
2025-08-15 07:08:49,123 [INFO] IPUIPlugin:80 - create IPUIPlugin
2025-08-15 07:08:49,123 [INFO] IPUIPlugin:80 - create IPUIPlugin
2025-08-15 07:08:49,123 [INFO] IPUIPlugin:80 - create IPUIPlugin
2025-08-15 07:08:49,124 [INFO] IPUIPlugin:80 - create IPUIPlugin
2025-08-15 07:08:49,124 [INFO] IPUIPlugin:80 - create IPUIPlugin
2025-08-15 07:08:49,125 [INFO] IPUIPlugin:80 - create IPUIPlugin
2025-08-15 07:08:49,126 [INFO] IPUIPlugin:80 - create IPUIPlugin
2025-08-15 07:08:49,126 [INFO] IPUIPlugin:80 - create IPUIPlugin
2025-08-15 07:08:49,126 [INFO] IPUIPlugin:80 - create IPUIPlugin
2025-08-15 07:08:49,126 [INFO] IPUIPlugin:80 - create IPUIPlugin
2025-08-15 07:08:49,126 [INFO] IPUIPlugin:80 - create IPUIPlugin
2025-08-15 07:08:49,127 [INFO] IPUIPlugin:80 - create IPUIPlugin
2025-08-15 07:08:49,127 [INFO] IPUIPlugin:80 - create IPUIPlugin
2025-08-15 07:08:49,127 [INFO] IPUIPlugin:80 - create IPUIPlugin
2025-08-15 07:08:49,128 [INFO] IPUIPlugin:80 - create IPUIPlugin
2025-08-15 07:08:49,128 [INFO] IPUIPlugin:80 - create IPUIPlugin
2025-08-15 07:08:49,129 [INFO] IPUIPlugin:80 - create IPUIPlugin
2025-08-15 07:08:49,129 [INFO] IPUIPlugin:80 - create IPUIPlugin
2025-08-15 07:08:49,130 [INFO] IPUIPlugin:80 - create IPUIPlugin
2025-08-15 07:08:49,131 [INFO] IPUIPlugin:80 - create IPUIPlugin
2025-08-15 07:08:49,131 [INFO] IPUIPlugin:80 - create IPUIPlugin
2025-08-15 07:08:49,131 [INFO] IPUIPlugin:80 - create IPUIPlugin
2025-08-15 07:08:49,132 [INFO] IPUIPlugin:80 - create IPUIPlugin
2025-08-15 07:08:49,132 [INFO] IPUIPlugin:80 - create IPUIPlugin
2025-08-15 07:08:49,133 [INFO] IPUIPlugin:80 - create IPUIPlugin
2025-08-15 07:08:49,133 [INFO] IPUIPlugin:80 - create IPUIPlugin
2025-08-15 07:08:49,134 [INFO] IPUIPlugin:80 - create IPUIPlugin
2025-08-15 07:08:49,134 [INFO] IPUIPlugin:80 - create IPUIPlugin
2025-08-15 07:08:49,137 [INFO] IPUIPlugin:80 - create IPUIPlugin
2025-08-15 07:08:49,138 [INFO] IPUIPlugin:80 - create IPUIPlugin
2025-08-15 07:08:49,138 [INFO] IPUIPlugin:80 - create IPUIPlugin
2025-08-15 07:08:49,139 [INFO] IPUIPlugin:80 - create IPUIPlugin
2025-08-15 07:08:49,139 [INFO] IPUIPlugin:80 - create IPUIPlugin
2025-08-15 07:08:49,139 [INFO] IPUIPlugin:80 - create IPUIPlugin
2025-08-15 07:08:49,140 [INFO] IPUIPlugin:80 - create IPUIPlugin
2025-08-15 07:08:49,141 [INFO] IPUIPlugin:80 - create IPUIPlugin
2025-08-15 07:08:49,142 [INFO] IPUIPlugin:80 - create IPUIPlugin
2025-08-15 07:08:49,142 [INFO] IPUIPlugin:80 - create IPUIPlugin
2025-08-15 07:08:49,143 [INFO] IPUIPlugin:80 - create IPUIPlugin
2025-08-15 07:08:49,143 [INFO] IPUIPlugin:80 - create IPUIPlugin
2025-08-15 07:08:49,144 [INFO] IPUIPlugin:80 - create IPUIPlugin
2025-08-15 07:08:49,145 [INFO] IPUIPlugin:80 - create IPUIPlugin
2025-08-15 07:08:49,146 [INFO] IPUIPlugin:80 - create IPUIPlugin
2025-08-15 07:08:49,147 [INFO] IPUIPlugin:80 - create IPUIPlugin
2025-08-15 07:08:49,148 [INFO] IPUIPlugin:80 - create IPUIPlugin
2025-08-15 07:08:49,148 [INFO] IPUIPlugin:80 - create IPUIPlugin
2025-08-15 07:08:49,149 [INFO] IPUIPlugin:80 - create IPUIPlugin
2025-08-15 07:08:49,149 [INFO] IPUIPlugin:80 - create IPUIPlugin
2025-08-15 07:08:49,150 [INFO] IPUIPlugin:80 - create IPUIPlugin
2025-08-15 07:08:49,150 [INFO] IPUIPlugin:80 - create IPUIPlugin
2025-08-15 07:08:49,151 [INFO] IPUIPlugin:80 - create IPUIPlugin
2025-08-15 07:08:49,153 [INFO] IPUIPlugin:80 - create IPUIPlugin
2025-08-15 07:08:49,154 [INFO] IPUIPlugin:80 - create IPUIPlugin
2025-08-15 07:08:49,154 [INFO] IPUIPlugin:80 - create IPUIPlugin
2025-08-15 07:08:49,155 [INFO] IPUIPlugin:80 - create IPUIPlugin
2025-08-15 07:08:49,156 [INFO] IPUIPlugin:80 - create IPUIPlugin
2025-08-15 07:08:49,157 [INFO] IPUIPlugin:80 - create IPUIPlugin
2025-08-15 07:08:49,158 [INFO] IPUIPlugin:80 - create IPUIPlugin
2025-08-15 07:08:49,159 [INFO] IPUIPlugin:80 - create IPUIPlugin
2025-08-15 07:08:49,160 [INFO] IPUIPlugin:80 - create IPUIPlugin
2025-08-15 07:08:49,161 [INFO] IPUIPlugin:80 - create IPUIPlugin
2025-08-15 07:08:49,162 [INFO] IPUIPlugin:80 - create IPUIPlugin
2025-08-15 07:08:49,162 [INFO] IPUIPlugin:80 - create IPUIPlugin
2025-08-15 07:08:49,163 [INFO] IPUIPlugin:80 - create IPUIPlugin
2025-08-15 07:08:49,164 [INFO] IPUIPlugin:80 - create IPUIPlugin
2025-08-15 07:08:49,165 [INFO] IPUIPlugin:80 - create IPUIPlugin
2025-08-15 07:08:49,165 [INFO] IPUIPlugin:80 - create IPUIPlugin
2025-08-15 07:08:49,166 [INFO] IPUIPlugin:80 - create IPUIPlugin
2025-08-15 07:08:49,168 [INFO] IPUIPlugin:80 - create IPUIPlugin
2025-08-15 07:08:49,171 [INFO] IPUIPlugin:80 - create IPUIPlugin
2025-08-15 07:08:49,172 [INFO] IPUIPlugin:80 - create IPUIPlugin
2025-08-15 07:08:49,173 [INFO] IPUIPlugin:80 - create IPUIPlugin
2025-08-15 07:08:49,174 [INFO] IPUIPlugin:80 - create IPUIPlugin
2025-08-15 07:08:49,174 [INFO] IPUIPlugin:80 - create IPUIPlugin
2025-08-15 07:08:49,176 [INFO] IPUIPlugin:80 - create IPUIPlugin
2025-08-15 07:08:49,176 [INFO] IPUIPlugin:80 - create IPUIPlugin
2025-08-15 07:08:49,177 [INFO] IPUIPlugin:80 - create IPUIPlugin
2025-08-15 07:08:49,178 [INFO] IPUIPlugin:80 - create IPUIPlugin
2025-08-15 07:08:49,178 [INFO] IPUIPlugin:80 - create IPUIPlugin
2025-08-15 07:08:49,179 [INFO] IPUIPlugin:80 - create IPUIPlugin
2025-08-15 07:08:49,180 [INFO] IPUIPlugin:80 - create IPUIPlugin
2025-08-15 07:08:49,180 [INFO] IPUIPlugin:80 - create IPUIPlugin
2025-08-15 07:08:49,181 [INFO] IPUIPlugin:80 - create IPUIPlugin
2025-08-15 07:08:49,182 [INFO] IPUIPlugin:80 - create IPUIPlugin
2025-08-15 07:08:49,183 [INFO] IPUIPlugin:80 - create IPUIPlugin
2025-08-15 07:08:49,184 [INFO] IPUIPlugin:80 - create IPUIPlugin
2025-08-15 07:08:49,187 [INFO] IPUIPlugin:80 - create IPUIPlugin
2025-08-15 07:08:49,188 [INFO] IPUIPlugin:80 - create IPUIPlugin
2025-08-15 07:08:49,189 [INFO] IPUIPlugin:80 - create IPUIPlugin
2025-08-15 07:08:49,190 [INFO] IPUIPlugin:80 - create IPUIPlugin
2025-08-15 07:08:49,190 [INFO] IPUIPlugin:80 - create IPUIPlugin
2025-08-15 07:08:49,192 [INFO] IPUIPlugin:80 - create IPUIPlugin
2025-08-15 07:08:49,192 [INFO] IPUIPlugin:80 - create IPUIPlugin
2025-08-15 07:08:49,193 [INFO] IPUIPlugin:80 - create IPUIPlugin
2025-08-15 07:08:49,194 [INFO] IPUIPlugin:80 - create IPUIPlugin
2025-08-15 07:08:49,195 [INFO] IPUIPlugin:80 - create IPUIPlugin
2025-08-15 07:08:49,196 [INFO] IPUIPlugin:80 - create IPUIPlugin
2025-08-15 07:08:49,197 [INFO] IPUIPlugin:80 - create IPUIPlugin
2025-08-15 07:08:49,199 [INFO] IPUIPlugin:80 - create IPUIPlugin
2025-08-15 07:08:49,200 [INFO] IPUIPlugin:80 - create IPUIPlugin
2025-08-15 07:08:49,201 [INFO] IPUIPlugin:80 - create IPUIPlugin
2025-08-15 07:08:49,203 [INFO] IPUIPlugin:80 - create IPUIPlugin
2025-08-15 07:08:49,206 [INFO] IPUIPlugin:80 - create IPUIPlugin
2025-08-15 07:08:49,207 [INFO] IPUIPlugin:80 - create IPUIPlugin
2025-08-15 07:08:49,208 [INFO] IPUIPlugin:80 - create IPUIPlugin
2025-08-15 07:08:49,218 [INFO] ApiDbMcu:532 - Load IP Config File for PDM2PCM_M7
2025-08-15 07:08:49,223 [INFO] ApiDbMcu:532 - Load IP Config File for PDM2PCM_M4
2025-08-15 07:08:49,313 [INFO] CADModel:165 - CPN selected for project levelSTM32H755ZIT6
2025-08-15 07:08:49,313 [INFO] CADModel:114 - Register for checkConnection events
2025-08-15 07:08:49,488 [INFO] OpenFileManager:386 - Restore cursor
2025-08-15 07:27:30,126 [INFO] UtilMem:75 - End SaveConfig() Used Memory: 699364432 Bytes (1073741824)
2025-08-15 07:27:33,957 [INFO] UtilMem:75 - End SaveConfig() Used Memory: 721384528 Bytes (1073741824)
2025-08-15 07:27:40,830 [INFO] UtilMem:75 - End SaveConfig() Used Memory: 543126608 Bytes (1073741824)
2025-08-15 07:27:42,416 [INFO] BlockDiagram:2775 - set Specific Code input for plugin: RCC
2025-08-15 07:27:42,416 [INFO] BlockDiagram:2775 - set Specific Code input for plugin: MEMORYMAP
2025-08-15 07:27:42,416 [INFO] BlockDiagram:2775 - set Specific Code input for plugin: SYS
2025-08-15 07:27:42,416 [INFO] BlockDiagram:2775 - set Specific Code input for plugin: CORTEX_M7
2025-08-15 07:27:42,417 [INFO] BlockDiagram:2775 - set Specific Code input for plugin: NVIC2
2025-08-15 07:27:42,418 [INFO] BlockDiagram:2775 - set Specific Code input for plugin: GPIO
2025-08-15 07:27:42,418 [INFO] BlockDiagram:2775 - set Specific Code input for plugin: SYS_M4
2025-08-15 07:27:42,418 [INFO] BlockDiagram:2775 - set Specific Code input for plugin: NVIC1
2025-08-15 07:27:42,422 [INFO] CodeGenerator:892 - code generatio: config db path: C:\ST\STM32CubeIDE_1.18.0\STM32CubeIDE\plugins\com.st.stm32cube.common.mx_6.15.0.202507011659\\db\
2025-08-15 07:27:42,640 [INFO] CodeGenerator:1619 - *******************Project context M7 selected
2025-08-15 07:27:43,202 [INFO] CodeEngine:265 - oldGeneratedFile, C:\STM32\labs5to\stm32h7_base\MXTmpFiles\license.tmp_save
2025-08-15 07:27:44,203 [INFO] CodeEngine:289 - Generated code: C:\STM32\labs5to\stm32h7_base\MXTmpFiles\license.tmp
2025-08-15 07:27:44,351 [INFO] CodeEngine:265 - oldGeneratedFile, C:\STM32\labs5to\stm32h7_base\CM7\MXTmpFiles\gpio.tmp_save
2025-08-15 07:27:44,658 [INFO] CodeEngine:289 - Generated code: C:\STM32\labs5to\stm32h7_base\CM7\MXTmpFiles\gpio.tmp
2025-08-15 07:27:44,739 [WARN] IPConfigManager:103 - WARNING: Missing Config File for MEMORYMAP ip!!
2025-08-15 07:27:44,861 [WARN] IPConfigManager:103 - WARNING: Missing Config File for NVIC1 ip!!
2025-08-15 07:27:44,986 [INFO] CodeEngine:265 - oldGeneratedFile, C:\STM32\labs5to\stm32h7_base\CM7\MXTmpFiles\cortex.tmp_save
2025-08-15 07:27:45,180 [INFO] CodeEngine:289 - Generated code: C:\STM32\labs5to\stm32h7_base\CM7\MXTmpFiles\cortex.tmp
2025-08-15 07:27:45,235 [INFO] CodeEngine:265 - oldGeneratedFile, C:\STM32\labs5to\stm32h7_base\CM7\Core\Src\stm32h7xx_it.c_save
2025-08-15 07:27:45,457 [INFO] CodeEngine:289 - Generated code: C:\STM32\labs5to\stm32h7_base\CM7\Core\Src\stm32h7xx_it.c
2025-08-15 07:27:45,473 [INFO] CodeEngine:265 - oldGeneratedFile, C:\STM32\labs5to\stm32h7_base\CM7\Core\Inc\stm32h7xx_it.h_save
2025-08-15 07:27:45,645 [INFO] CodeEngine:289 - Generated code: C:\STM32\labs5to\stm32h7_base\CM7\Core\Inc\stm32h7xx_it.h
2025-08-15 07:27:45,830 [INFO] CodeEngine:265 - oldGeneratedFile, C:\STM32\labs5to\stm32h7_base\CM7\Core\Src\stm32h7xx_hal_msp.c_save
2025-08-15 07:27:46,073 [INFO] CodeEngine:289 - Generated code: C:\STM32\labs5to\stm32h7_base\CM7\Core\Src\stm32h7xx_hal_msp.c
2025-08-15 07:27:46,088 [INFO] CodeEngine:265 - oldGeneratedFile, C:\STM32\labs5to\stm32h7_base\CM7\MXTmpFiles\system.tmp_save
2025-08-15 07:27:46,318 [INFO] CodeEngine:289 - Generated code: C:\STM32\labs5to\stm32h7_base\CM7\MXTmpFiles\system.tmp
2025-08-15 07:27:46,355 [INFO] CodeEngine:321 - oldGeneratedFile, C:\STM32\labs5to\stm32h7_base\CM7\Core\Inc\stm32h7xx_hal_conf.h_save
2025-08-15 07:27:46,604 [INFO] CodeEngine:345 - Generated code: C:\STM32\labs5to\stm32h7_base\CM7\Core\Inc\stm32h7xx_hal_conf.h
2025-08-15 07:27:46,827 [INFO] ApiDbMcu:532 - Load IP Config File for RCC
2025-08-15 07:27:46,834 [WARN] IPConfigManager:3811 - IP not found : NVIC
2025-08-15 07:27:46,838 [WARN] CodeGenerator:4259 - IP not found : null
2025-08-15 07:27:46,859 [INFO] CodeEngine:265 - oldGeneratedFile, C:\STM32\labs5to\stm32h7_base\CM7\Core\Inc\main.h_save
2025-08-15 07:27:47,052 [INFO] CodeEngine:289 - Generated code: C:\STM32\labs5to\stm32h7_base\CM7\Core\Inc\main.h
2025-08-15 07:27:47,071 [INFO] CodeEngine:265 - oldGeneratedFile, C:\STM32\labs5to\stm32h7_base\CM7\Core\Src\main.c_save
2025-08-15 07:27:47,357 [INFO] CodeEngine:289 - Generated code: C:\STM32\labs5to\stm32h7_base\CM7\Core\Src\main.c
2025-08-15 07:27:47,492 [INFO] CodeGenerator:1619 - *******************Project context M4 selected
2025-08-15 07:27:47,628 [INFO] CodeEngine:265 - oldGeneratedFile, C:\STM32\labs5to\stm32h7_base\MXTmpFiles\license.tmp_save
2025-08-15 07:27:47,914 [INFO] CodeEngine:289 - Generated code: C:\STM32\labs5to\stm32h7_base\MXTmpFiles\license.tmp
2025-08-15 07:27:47,956 [INFO] CodeEngine:265 - oldGeneratedFile, C:\STM32\labs5to\stm32h7_base\CM4\MXTmpFiles\gpio.tmp_save
2025-08-15 07:27:48,110 [INFO] CodeEngine:289 - Generated code: C:\STM32\labs5to\stm32h7_base\CM4\MXTmpFiles\gpio.tmp
2025-08-15 07:27:48,140 [WARN] IPConfigManager:103 - WARNING: Missing Config File for NVIC2 ip!!
2025-08-15 07:27:48,188 [INFO] CodeEngine:265 - oldGeneratedFile, C:\STM32\labs5to\stm32h7_base\CM4\MXTmpFiles\cortex.tmp_save
2025-08-15 07:27:48,425 [INFO] CodeEngine:289 - Generated code: C:\STM32\labs5to\stm32h7_base\CM4\MXTmpFiles\cortex.tmp
2025-08-15 07:27:48,487 [INFO] CodeEngine:265 - oldGeneratedFile, C:\STM32\labs5to\stm32h7_base\CM4\Core\Src\stm32h7xx_it.c_save
2025-08-15 07:27:48,732 [INFO] CodeEngine:289 - Generated code: C:\STM32\labs5to\stm32h7_base\CM4\Core\Src\stm32h7xx_it.c
2025-08-15 07:27:48,777 [INFO] CodeEngine:265 - oldGeneratedFile, C:\STM32\labs5to\stm32h7_base\CM4\Core\Inc\stm32h7xx_it.h_save
2025-08-15 07:27:49,130 [INFO] CodeEngine:289 - Generated code: C:\STM32\labs5to\stm32h7_base\CM4\Core\Inc\stm32h7xx_it.h
2025-08-15 07:27:49,252 [INFO] CodeEngine:265 - oldGeneratedFile, C:\STM32\labs5to\stm32h7_base\CM4\Core\Src\stm32h7xx_hal_msp.c_save
2025-08-15 07:27:49,477 [INFO] CodeEngine:289 - Generated code: C:\STM32\labs5to\stm32h7_base\CM4\Core\Src\stm32h7xx_hal_msp.c
2025-08-15 07:27:49,494 [INFO] CodeEngine:265 - oldGeneratedFile, C:\STM32\labs5to\stm32h7_base\CM4\MXTmpFiles\system.tmp_save
2025-08-15 07:27:49,640 [INFO] CodeEngine:289 - Generated code: C:\STM32\labs5to\stm32h7_base\CM4\MXTmpFiles\system.tmp
2025-08-15 07:27:49,672 [INFO] CodeEngine:321 - oldGeneratedFile, C:\STM32\labs5to\stm32h7_base\CM4\Core\Inc\stm32h7xx_hal_conf.h_save
2025-08-15 07:27:49,807 [INFO] CodeEngine:345 - Generated code: C:\STM32\labs5to\stm32h7_base\CM4\Core\Inc\stm32h7xx_hal_conf.h
2025-08-15 07:27:49,842 [WARN] IPConfigManager:3811 - IP not found : NVIC
2025-08-15 07:27:49,843 [WARN] CodeGenerator:4259 - IP not found : null
2025-08-15 07:27:49,861 [INFO] CodeEngine:265 - oldGeneratedFile, C:\STM32\labs5to\stm32h7_base\CM4\Core\Inc\main.h_save
2025-08-15 07:27:49,999 [INFO] CodeEngine:289 - Generated code: C:\STM32\labs5to\stm32h7_base\CM4\Core\Inc\main.h
2025-08-15 07:27:50,018 [INFO] CodeEngine:265 - oldGeneratedFile, C:\STM32\labs5to\stm32h7_base\CM4\Core\Src\main.c_save
2025-08-15 07:27:50,246 [INFO] CodeEngine:289 - Generated code: C:\STM32\labs5to\stm32h7_base\CM4\Core\Src\main.c
2025-08-15 07:27:52,488 [INFO] ProjectBuilder:3606 - Time for Copy HAL[1] : 1682mS.
2025-08-15 07:27:52,616 [INFO] ProjectBuilder:5216 - Project Generator version: 4.7.0-B52
2025-08-15 07:27:52,915 [INFO] ConfigFileManager:1595 - The Die is : DIE450
